Copyright 1986-2015 Xilinx, Inc. All Rights Reserved.
------------------------------------------------------------------------------------
| Tool Version : Vivado v.2015.4 (win64) Build 1412921 Wed Nov 18 09:43:45 MST 2015
| Date         : Sat Jan 20 19:11:57 2018
| Host         : DESKTOP-9PKS9O4 running 64-bit major release  (build 9200)
| Command      : report_timing_summary -file mytiming.rpt
| Design       : Security
| Device       : 7vx485t-ffg1761
| Speed File   : -2  PRODUCTION 1.12 2014-09-11
------------------------------------------------------------------------------------

Timing Summary Report

------------------------------------------------------------------------------------------------
| Timer Settings
| --------------
------------------------------------------------------------------------------------------------

  Enable Multi Corner Analysis               :  Yes
  Enable Pessimism Removal                   :  Yes
  Pessimism Removal Resolution               :  Nearest Common Node
  Enable Input Delay Default Clock           :  No
  Enable Preset / Clear Arcs                 :  No
  Disable Flight Delays                      :  No
  Ignore I/O Paths                           :  No
  Timing Early Launch at Borrowing Latches   :  false

  Corner  Analyze    Analyze    
  Name    Max Paths  Min Paths  
  ------  ---------  ---------  
  Slow    Yes        Yes        
  Fast    Yes        Yes        



check_timing report

Table of Contents
-----------------
1. checking no_clock
2. checking constant_clock
3. checking pulse_width_clock
4. checking unconstrained_internal_endpoints
5. checking no_input_delay
6. checking no_output_delay
7. checking multiple_clock
8. checking generated_clocks
9. checking loops
10. checking partial_input_delay
11. checking partial_output_delay
12. checking latch_loops

1. checking no_clock
--------------------
 There are 106 register/latch pins with no clock driven by root clock pin: Command[1] (HIGH)

 There are 106 register/latch pins with no clock driven by root clock pin: Command[2] (HIGH)

 There are 106 register/latch pins with no clock driven by root clock pin: Command[3] (HIGH)

 There are 106 register/latch pins with no clock driven by root clock pin: Command[4] (HIGH)

 There are 106 register/latch pins with no clock driven by root clock pin: Command[5] (HIGH)

 There are 106 register/latch pins with no clock driven by root clock pin: Command[6] (HIGH)

 There are 106 register/latch pins with no clock driven by root clock pin: Command[7] (HIGH)

 There is 1 register/latch pin with no clock driven by root clock pin: Door (HIGH)

 There are 75 register/latch pins with no clock driven by root clock pin: clk (HIGH)

 There are 108 register/latch pins with no clock driven by root clock pin: FSM_sequential_CURS_reg[0]/C (HIGH)

 There are 108 register/latch pins with no clock driven by root clock pin: FSM_sequential_CURS_reg[1]/C (HIGH)

 There are 108 register/latch pins with no clock driven by root clock pin: FSM_sequential_CURS_reg[2]/C (HIGH)

 There are 108 register/latch pins with no clock driven by root clock pin: FSM_sequential_CURS_reg[3]/C (HIGH)

 There are 108 register/latch pins with no clock driven by root clock pin: FSM_sequential_CURS_reg[4]/C (HIGH)

 There are 107 register/latch pins with no clock driven by root clock pin: FlagNew_reg/C (HIGH)

 There are 107 register/latch pins with no clock driven by root clock pin: Flag_reg/C (HIGH)

 There are 6 register/latch pins with no clock driven by root clock pin: Passwords_reg[1][0][0]/G (HIGH)

 There are 6 register/latch pins with no clock driven by root clock pin: Passwords_reg[1][0][1]/G (HIGH)

 There are 6 register/latch pins with no clock driven by root clock pin: Passwords_reg[1][0][2]/G (HIGH)

 There are 6 register/latch pins with no clock driven by root clock pin: Passwords_reg[1][0][3]/G (HIGH)

 There are 6 register/latch pins with no clock driven by root clock pin: Passwords_reg[1][1][0]/G (HIGH)

 There are 6 register/latch pins with no clock driven by root clock pin: Passwords_reg[1][1][1]/G (HIGH)

 There are 6 register/latch pins with no clock driven by root clock pin: Passwords_reg[1][1][2]/G (HIGH)

 There are 6 register/latch pins with no clock driven by root clock pin: Passwords_reg[1][1][3]/G (HIGH)

 There are 6 register/latch pins with no clock driven by root clock pin: Passwords_reg[1][2][0]/G (HIGH)

 There are 6 register/latch pins with no clock driven by root clock pin: Passwords_reg[1][2][1]/G (HIGH)

 There are 6 register/latch pins with no clock driven by root clock pin: Passwords_reg[1][2][2]/G (HIGH)

 There are 6 register/latch pins with no clock driven by root clock pin: Passwords_reg[1][2][3]/G (HIGH)

 There are 6 register/latch pins with no clock driven by root clock pin: Passwords_reg[1][3][0]/G (HIGH)

 There are 6 register/latch pins with no clock driven by root clock pin: Passwords_reg[1][3][1]/G (HIGH)

 There are 6 register/latch pins with no clock driven by root clock pin: Passwords_reg[1][3][2]/G (HIGH)

 There are 6 register/latch pins with no clock driven by root clock pin: Passwords_reg[1][3][3]/G (HIGH)

 There are 6 register/latch pins with no clock driven by root clock pin: Passwords_reg[2][0][0]/G (HIGH)

 There are 6 register/latch pins with no clock driven by root clock pin: Passwords_reg[2][0][1]/G (HIGH)

 There are 6 register/latch pins with no clock driven by root clock pin: Passwords_reg[2][0][2]/G (HIGH)

 There are 6 register/latch pins with no clock driven by root clock pin: Passwords_reg[2][0][3]/G (HIGH)

 There are 6 register/latch pins with no clock driven by root clock pin: Passwords_reg[2][1][0]/G (HIGH)

 There are 6 register/latch pins with no clock driven by root clock pin: Passwords_reg[2][1][1]/G (HIGH)

 There are 6 register/latch pins with no clock driven by root clock pin: Passwords_reg[2][1][2]/G (HIGH)

 There are 6 register/latch pins with no clock driven by root clock pin: Passwords_reg[2][1][3]/G (HIGH)

 There are 6 register/latch pins with no clock driven by root clock pin: Passwords_reg[2][2][0]/G (HIGH)

 There are 6 register/latch pins with no clock driven by root clock pin: Passwords_reg[2][2][1]/G (HIGH)

 There are 6 register/latch pins with no clock driven by root clock pin: Passwords_reg[2][2][2]/G (HIGH)

 There are 6 register/latch pins with no clock driven by root clock pin: Passwords_reg[2][2][3]/G (HIGH)

 There are 6 register/latch pins with no clock driven by root clock pin: Passwords_reg[2][3][0]/G (HIGH)

 There are 6 register/latch pins with no clock driven by root clock pin: Passwords_reg[2][3][1]/G (HIGH)

 There are 6 register/latch pins with no clock driven by root clock pin: Passwords_reg[2][3][2]/G (HIGH)

 There are 6 register/latch pins with no clock driven by root clock pin: Passwords_reg[2][3][3]/G (HIGH)

 There are 6 register/latch pins with no clock driven by root clock pin: Passwords_reg[3][0][0]/G (HIGH)

 There are 6 register/latch pins with no clock driven by root clock pin: Passwords_reg[3][0][1]/G (HIGH)

 There are 6 register/latch pins with no clock driven by root clock pin: Passwords_reg[3][0][2]/G (HIGH)

 There are 6 register/latch pins with no clock driven by root clock pin: Passwords_reg[3][0][3]/G (HIGH)

 There are 6 register/latch pins with no clock driven by root clock pin: Passwords_reg[3][1][0]/G (HIGH)

 There are 6 register/latch pins with no clock driven by root clock pin: Passwords_reg[3][1][1]/G (HIGH)

 There are 6 register/latch pins with no clock driven by root clock pin: Passwords_reg[3][1][2]/G (HIGH)

 There are 6 register/latch pins with no clock driven by root clock pin: Passwords_reg[3][1][3]/G (HIGH)

 There are 6 register/latch pins with no clock driven by root clock pin: Passwords_reg[3][2][0]/G (HIGH)

 There are 6 register/latch pins with no clock driven by root clock pin: Passwords_reg[3][2][1]/G (HIGH)

 There are 6 register/latch pins with no clock driven by root clock pin: Passwords_reg[3][2][2]/G (HIGH)

 There are 6 register/latch pins with no clock driven by root clock pin: Passwords_reg[3][2][3]/G (HIGH)

 There are 6 register/latch pins with no clock driven by root clock pin: Passwords_reg[3][3][0]/G (HIGH)

 There are 6 register/latch pins with no clock driven by root clock pin: Passwords_reg[3][3][1]/G (HIGH)

 There are 6 register/latch pins with no clock driven by root clock pin: Passwords_reg[3][3][2]/G (HIGH)

 There are 6 register/latch pins with no clock driven by root clock pin: Passwords_reg[3][3][3]/G (HIGH)

 There are 6 register/latch pins with no clock driven by root clock pin: Passwords_reg[4][0][0]/G (HIGH)

 There are 6 register/latch pins with no clock driven by root clock pin: Passwords_reg[4][0][1]/G (HIGH)

 There are 6 register/latch pins with no clock driven by root clock pin: Passwords_reg[4][0][2]/G (HIGH)

 There are 6 register/latch pins with no clock driven by root clock pin: Passwords_reg[4][0][3]/G (HIGH)

 There are 6 register/latch pins with no clock driven by root clock pin: Passwords_reg[4][1][0]/G (HIGH)

 There are 6 register/latch pins with no clock driven by root clock pin: Passwords_reg[4][1][1]/G (HIGH)

 There are 6 register/latch pins with no clock driven by root clock pin: Passwords_reg[4][1][2]/G (HIGH)

 There are 6 register/latch pins with no clock driven by root clock pin: Passwords_reg[4][1][3]/G (HIGH)

 There are 6 register/latch pins with no clock driven by root clock pin: Passwords_reg[4][2][0]/G (HIGH)

 There are 6 register/latch pins with no clock driven by root clock pin: Passwords_reg[4][2][1]/G (HIGH)

 There are 6 register/latch pins with no clock driven by root clock pin: Passwords_reg[4][2][2]/G (HIGH)

 There are 6 register/latch pins with no clock driven by root clock pin: Passwords_reg[4][2][3]/G (HIGH)

 There are 6 register/latch pins with no clock driven by root clock pin: Passwords_reg[4][3][0]/G (HIGH)

 There are 6 register/latch pins with no clock driven by root clock pin: Passwords_reg[4][3][1]/G (HIGH)

 There are 6 register/latch pins with no clock driven by root clock pin: Passwords_reg[4][3][2]/G (HIGH)

 There are 6 register/latch pins with no clock driven by root clock pin: Passwords_reg[4][3][3]/G (HIGH)

 There are 18 register/latch pins with no clock driven by root clock pin: count_reg[0]/C (HIGH)

 There are 18 register/latch pins with no clock driven by root clock pin: count_reg[10]/C (HIGH)

 There are 18 register/latch pins with no clock driven by root clock pin: count_reg[11]/C (HIGH)

 There are 18 register/latch pins with no clock driven by root clock pin: count_reg[12]/C (HIGH)

 There are 18 register/latch pins with no clock driven by root clock pin: count_reg[13]/C (HIGH)

 There are 18 register/latch pins with no clock driven by root clock pin: count_reg[14]/C (HIGH)

 There are 18 register/latch pins with no clock driven by root clock pin: count_reg[15]/C (HIGH)

 There are 18 register/latch pins with no clock driven by root clock pin: count_reg[16]/C (HIGH)

 There are 18 register/latch pins with no clock driven by root clock pin: count_reg[17]/C (HIGH)

 There are 18 register/latch pins with no clock driven by root clock pin: count_reg[18]/C (HIGH)

 There are 18 register/latch pins with no clock driven by root clock pin: count_reg[19]/C (HIGH)

 There are 18 register/latch pins with no clock driven by root clock pin: count_reg[1]/C (HIGH)

 There are 18 register/latch pins with no clock driven by root clock pin: count_reg[20]/C (HIGH)

 There are 18 register/latch pins with no clock driven by root clock pin: count_reg[21]/C (HIGH)

 There are 18 register/latch pins with no clock driven by root clock pin: count_reg[22]/C (HIGH)

 There are 18 register/latch pins with no clock driven by root clock pin: count_reg[23]/C (HIGH)

 There are 18 register/latch pins with no clock driven by root clock pin: count_reg[24]/C (HIGH)

 There are 18 register/latch pins with no clock driven by root clock pin: count_reg[25]/C (HIGH)

 There are 18 register/latch pins with no clock driven by root clock pin: count_reg[26]/C (HIGH)

 There are 18 register/latch pins with no clock driven by root clock pin: count_reg[27]/C (HIGH)

 There are 18 register/latch pins with no clock driven by root clock pin: count_reg[28]/C (HIGH)

 There are 18 register/latch pins with no clock driven by root clock pin: count_reg[29]/C (HIGH)

 There are 18 register/latch pins with no clock driven by root clock pin: count_reg[2]/C (HIGH)

 There are 18 register/latch pins with no clock driven by root clock pin: count_reg[30]/C (HIGH)

 There are 18 register/latch pins with no clock driven by root clock pin: count_reg[31]/C (HIGH)

 There are 18 register/latch pins with no clock driven by root clock pin: count_reg[3]/C (HIGH)

 There are 18 register/latch pins with no clock driven by root clock pin: count_reg[4]/C (HIGH)

 There are 18 register/latch pins with no clock driven by root clock pin: count_reg[5]/C (HIGH)

 There are 18 register/latch pins with no clock driven by root clock pin: count_reg[6]/C (HIGH)

 There are 18 register/latch pins with no clock driven by root clock pin: count_reg[7]/C (HIGH)

 There are 18 register/latch pins with no clock driven by root clock pin: count_reg[8]/C (HIGH)

 There are 18 register/latch pins with no clock driven by root clock pin: count_reg[9]/C (HIGH)

 There are 6 register/latch pins with no clock driven by root clock pin: newPass_reg[0][0]/G (HIGH)

 There are 6 register/latch pins with no clock driven by root clock pin: newPass_reg[0][1]/G (HIGH)

 There are 6 register/latch pins with no clock driven by root clock pin: newPass_reg[0][2]/G (HIGH)

 There are 6 register/latch pins with no clock driven by root clock pin: newPass_reg[0][3]/G (HIGH)

 There are 6 register/latch pins with no clock driven by root clock pin: newPass_reg[1][0]/G (HIGH)

 There are 6 register/latch pins with no clock driven by root clock pin: newPass_reg[1][1]/G (HIGH)

 There are 6 register/latch pins with no clock driven by root clock pin: newPass_reg[1][2]/G (HIGH)

 There are 6 register/latch pins with no clock driven by root clock pin: newPass_reg[1][3]/G (HIGH)

 There are 6 register/latch pins with no clock driven by root clock pin: newPass_reg[2][0]/G (HIGH)

 There are 6 register/latch pins with no clock driven by root clock pin: newPass_reg[2][1]/G (HIGH)

 There are 6 register/latch pins with no clock driven by root clock pin: newPass_reg[2][2]/G (HIGH)

 There are 6 register/latch pins with no clock driven by root clock pin: newPass_reg[2][3]/G (HIGH)

 There are 6 register/latch pins with no clock driven by root clock pin: newPass_reg[3][0]/G (HIGH)

 There are 6 register/latch pins with no clock driven by root clock pin: newPass_reg[3][1]/G (HIGH)

 There are 6 register/latch pins with no clock driven by root clock pin: newPass_reg[3][2]/G (HIGH)

 There are 6 register/latch pins with no clock driven by root clock pin: newPass_reg[3][3]/G (HIGH)

 There are 70 register/latch pins with no clock driven by root clock pin: user_reg[0]/G (HIGH)

 There are 70 register/latch pins with no clock driven by root clock pin: user_reg[1]/G (HIGH)

 There are 70 register/latch pins with no clock driven by root clock pin: user_reg[2]/G (HIGH)

 There are 64 register/latch pins with no clock driven by root clock pin: user_reg[3]/G (HIGH)


2. checking constant_clock
--------------------------
 There are 0 register/latch pins with constant_clock.


3. checking pulse_width_clock
-----------------------------
 There are 0 register/latch pins which need pulse_width check


4. checking unconstrained_internal_endpoints
--------------------------------------------
 There are 252 pins that are not constrained for maximum delay. (HIGH)

 There are 0 pins that are not constrained for maximum delay due to constant clock.


5. checking no_input_delay
--------------------------
 There are 11 input ports with no input delay specified. (HIGH)

 There are 0 input ports with no input delay but user has a false path constraint.


6. checking no_output_delay
---------------------------
 There is 1 port with no output delay specified. (HIGH)

 There are 0 ports with no output delay but user has a false path constraint

 There are 0 ports with no output delay but with a timing clock defined on it or propagating through it


7. checking multiple_clock
--------------------------
 There are 0 register/latch pins with multiple clocks.


8. checking generated_clocks
----------------------------
 There are 0 generated clocks that are not connected to a clock source.


9. checking loops
-----------------
 There are 0 combinational loops in the design.


10. checking partial_input_delay
--------------------------------
 There are 0 input ports with partial input delay specified.


11. checking partial_output_delay
---------------------------------
 There are 0 ports with partial output delay specified.


12. checking latch_loops
------------------------
 There are 4 combinational latch loops in the design through latch input (HIGH)



------------------------------------------------------------------------------------------------
| Design Timing Summary
| ---------------------
------------------------------------------------------------------------------------------------

    WNS(ns)      TNS(ns)  TNS Failing Endpoints  TNS Total Endpoints      WHS(ns)      THS(ns)  THS Failing Endpoints  THS Total Endpoints     WPWS(ns)     TPWS(ns)  TPWS Failing Endpoints  TPWS Total Endpoints  
    -------      -------  ---------------------  -------------------      -------      -------  ---------------------  -------------------     --------     --------  ----------------------  --------------------  
         NA           NA                     NA                   NA           NA           NA                     NA                   NA           NA           NA                      NA                    NA  


There are no user specified timing constraints.


------------------------------------------------------------------------------------------------
| Clock Summary
| -------------
------------------------------------------------------------------------------------------------


------------------------------------------------------------------------------------------------
| Intra Clock Table
| -----------------
------------------------------------------------------------------------------------------------

Clock             WNS(ns)      TNS(ns)  TNS Failing Endpoints  TNS Total Endpoints      WHS(ns)      THS(ns)  THS Failing Endpoints  THS Total Endpoints     WPWS(ns)     TPWS(ns)  TPWS Failing Endpoints  TPWS Total Endpoints  
-----             -------      -------  ---------------------  -------------------      -------      -------  ---------------------  -------------------     --------     --------  ----------------------  --------------------  


------------------------------------------------------------------------------------------------
| Inter Clock Table
| -----------------
------------------------------------------------------------------------------------------------

From Clock    To Clock          WNS(ns)      TNS(ns)  TNS Failing Endpoints  TNS Total Endpoints      WHS(ns)      THS(ns)  THS Failing Endpoints  THS Total Endpoints  
----------    --------          -------      -------  ---------------------  -------------------      -------      -------  ---------------------  -------------------  


------------------------------------------------------------------------------------------------
| Other Path Groups Table
| -----------------------
------------------------------------------------------------------------------------------------

Path Group    From Clock    To Clock          WNS(ns)      TNS(ns)  TNS Failing Endpoints  TNS Total Endpoints      WHS(ns)      THS(ns)  THS Failing Endpoints  THS Total Endpoints  
----------    ----------    --------          -------      -------  ---------------------  -------------------      -------      -------  ---------------------  -------------------  


------------------------------------------------------------------------------------------------
| Timing Details
| --------------
------------------------------------------------------------------------------------------------


