
*** Running vivado
    with args -log Security.vdi -applog -m64 -messageDb vivado.pb -mode batch -source Security.tcl -notrace


****** Vivado v2015.4 (64-bit)
  **** SW Build 1412921 on Wed Nov 18 09:43:45 MST 2015
  **** IP Build 1412160 on Tue Nov 17 13:47:24 MST 2015
    ** Copyright 1986-2015 Xilinx, Inc. All Rights Reserved.

source Security.tcl -notrace
Command: open_checkpoint C:/Users/negfi/Documents/AUT/5thSemester/DigitalDesignAutomation/Phaze4/Phaze4/Phaze4.runs/impl_1/Security.dcp
INFO: [Netlist 29-17] Analyzing 36 Unisim elements for replacement
INFO: [Netlist 29-28] Unisim Transformation completed in 0 CPU seconds
INFO: [Project 1-479] Netlist was created with Vivado 2015.4
INFO: [Device 21-403] Loading part xc7vx485tffg1761-2
INFO: [Project 1-570] Preparing netlist for logic optimization
INFO: [Project 1-111] Unisim Transformation Summary:
No Unisim elements were transformed.

INFO: [Project 1-604] Checkpoint was created with Vivado v2015.4 (64-bit) build 1412921
open_checkpoint: Time (s): cpu = 00:00:22 ; elapsed = 00:00:24 . Memory (MB): peak = 607.680 ; gain = 420.301
Command: opt_design
Attempting to get a license for feature 'Implementation' and/or device 'xc7vx485t'
INFO: [Common 17-349] Got license for feature 'Implementation' and/or device 'xc7vx485t'
Running DRC as a precondition to command opt_design

Starting DRC Task
INFO: [DRC 23-27] Running DRC with 2 threads
INFO: [Project 1-461] DRC finished with 0 Errors
INFO: [Project 1-462] Please refer to the DRC report (report_drc) for more information.

Time (s): cpu = 00:00:00 ; elapsed = 00:00:00.187 . Memory (MB): peak = 703.406 ; gain = 0.000
INFO: [Timing 38-35] Done setting XDC timing constraints.

Starting Logic Optimization Task
Implement Debug Cores | Checksum: b9384590

Phase 1 Retarget
INFO: [Opt 31-138] Pushed 0 inverter(s) to 0 load pin(s).
INFO: [Opt 31-49] Retargeted 0 cell(s).
Phase 1 Retarget | Checksum: 18c425aae

Time (s): cpu = 00:00:00 ; elapsed = 00:00:00.100 . Memory (MB): peak = 1212.629 ; gain = 0.004

Phase 2 Constant Propagation
INFO: [Opt 31-138] Pushed 0 inverter(s) to 0 load pin(s).
INFO: [Opt 31-10] Eliminated 0 cells.
Phase 2 Constant Propagation | Checksum: 18c425aae

Time (s): cpu = 00:00:00 ; elapsed = 00:00:00.125 . Memory (MB): peak = 1212.629 ; gain = 0.004

Phase 3 Sweep
INFO: [Opt 31-12] Eliminated 72 unconnected nets.
INFO: [Opt 31-11] Eliminated 0 unconnected cells.
Phase 3 Sweep | Checksum: 67200650

Time (s): cpu = 00:00:00 ; elapsed = 00:00:00.165 . Memory (MB): peak = 1212.629 ; gain = 0.004

Starting Connectivity Check Task

Time (s): cpu = 00:00:00 ; elapsed = 00:00:00.002 . Memory (MB): peak = 1212.629 ; gain = 0.000
Ending Logic Optimization Task | Checksum: 67200650

Time (s): cpu = 00:00:00 ; elapsed = 00:00:00.170 . Memory (MB): peak = 1212.629 ; gain = 0.004

Starting Power Optimization Task
INFO: [Pwropt 34-132] Skipping clock gating for clocks with a period < 2.00 ns.
Ending Power Optimization Task | Checksum: 67200650

Time (s): cpu = 00:00:00 ; elapsed = 00:00:00.015 . Memory (MB): peak = 1212.629 ; gain = 0.000
INFO: [Common 17-83] Releasing license: Implementation
20 Infos, 0 Warnings, 0 Critical Warnings and 0 Errors encountered.
opt_design completed successfully
opt_design: Time (s): cpu = 00:00:37 ; elapsed = 00:00:38 . Memory (MB): peak = 1212.629 ; gain = 604.949
INFO: [DRC 23-27] Running DRC with 2 threads
INFO: [Coretcl 2-168] The results of DRC are in file C:/Users/negfi/Documents/AUT/5thSemester/DigitalDesignAutomation/Phaze4/Phaze4/Phaze4.runs/impl_1/Security_drc_opted.rpt.
INFO: [Vivado_Tcl 4-424] Cannot write hardware definition file as there are no IPI block design hardware handoff files present
Command: place_design
Attempting to get a license for feature 'Implementation' and/or device 'xc7vx485t'
INFO: [Common 17-349] Got license for feature 'Implementation' and/or device 'xc7vx485t'
INFO: [DRC 23-27] Running DRC with 2 threads
INFO: [Vivado_Tcl 4-198] DRC finished with 0 Errors
INFO: [Vivado_Tcl 4-199] Please refer to the DRC report (report_drc) for more information.
Running DRC as a precondition to command place_design
INFO: [DRC 23-27] Running DRC with 2 threads
INFO: [Vivado_Tcl 4-198] DRC finished with 0 Errors
INFO: [Vivado_Tcl 4-199] Please refer to the DRC report (report_drc) for more information.

Starting Placer Task
INFO: [Place 30-611] Multithreading enabled for place_design using a maximum of 2 CPUs

Phase 1 Placer Initialization
Netlist sorting complete. Time (s): cpu = 00:00:00 ; elapsed = 00:00:00.001 . Memory (MB): peak = 1217.930 ; gain = 0.000
Netlist sorting complete. Time (s): cpu = 00:00:00 ; elapsed = 00:00:00 . Memory (MB): peak = 1217.930 ; gain = 0.000

Phase 1.1 IO Placement/ Clock Placement/ Build Placer Device

Phase 1.1.1 Pre-Place Cells
Phase 1.1.1 Pre-Place Cells | Checksum: 00000000

Time (s): cpu = 00:00:00 ; elapsed = 00:00:00.212 . Memory (MB): peak = 1217.930 ; gain = 0.000
INFO: [Timing 38-35] Done setting XDC timing constraints.

Phase 1.1.2 IO and Clk Clean Up
Phase 1.1.2 IO and Clk Clean Up | Checksum: 00000000

Time (s): cpu = 00:00:05 ; elapsed = 00:00:04 . Memory (MB): peak = 1318.219 ; gain = 100.289

Phase 1.1.3 Implementation Feasibility check On IDelay
Phase 1.1.3 Implementation Feasibility check On IDelay | Checksum: 00000000

Time (s): cpu = 00:00:05 ; elapsed = 00:00:04 . Memory (MB): peak = 1318.219 ; gain = 100.289

Phase 1.1.4 Commit IO Placement
Phase 1.1.4 Commit IO Placement | Checksum: efe5cbea

Time (s): cpu = 00:00:05 ; elapsed = 00:00:04 . Memory (MB): peak = 1318.219 ; gain = 100.289
Phase 1.1 IO Placement/ Clock Placement/ Build Placer Device | Checksum: 11ef7d61a

Time (s): cpu = 00:00:05 ; elapsed = 00:00:04 . Memory (MB): peak = 1318.219 ; gain = 100.289

Phase 1.2 Build Placer Netlist Model

Phase 1.2.1 Place Init Design
Phase 1.2.1 Place Init Design | Checksum: 16670a89c

Time (s): cpu = 00:00:05 ; elapsed = 00:00:04 . Memory (MB): peak = 1318.219 ; gain = 100.289
Phase 1.2 Build Placer Netlist Model | Checksum: 16670a89c

Time (s): cpu = 00:00:05 ; elapsed = 00:00:04 . Memory (MB): peak = 1318.219 ; gain = 100.289

Phase 1.3 Constrain Clocks/Macros

Phase 1.3.1 Constrain Global/Regional Clocks
Phase 1.3.1 Constrain Global/Regional Clocks | Checksum: 16670a89c

Time (s): cpu = 00:00:05 ; elapsed = 00:00:04 . Memory (MB): peak = 1318.219 ; gain = 100.289
Phase 1.3 Constrain Clocks/Macros | Checksum: 16670a89c

Time (s): cpu = 00:00:05 ; elapsed = 00:00:04 . Memory (MB): peak = 1318.219 ; gain = 100.289
Phase 1 Placer Initialization | Checksum: 16670a89c

Time (s): cpu = 00:00:05 ; elapsed = 00:00:04 . Memory (MB): peak = 1318.219 ; gain = 100.289

Phase 2 Global Placement
Phase 2 Global Placement | Checksum: 18aa22fc0

Time (s): cpu = 00:00:08 ; elapsed = 00:00:07 . Memory (MB): peak = 1318.219 ; gain = 100.289

Phase 3 Detail Placement

Phase 3.1 Commit Multi Column Macros
Phase 3.1 Commit Multi Column Macros | Checksum: 18aa22fc0

Time (s): cpu = 00:00:08 ; elapsed = 00:00:07 . Memory (MB): peak = 1318.219 ; gain = 100.289

Phase 3.2 Commit Most Macros & LUTRAMs
Phase 3.2 Commit Most Macros & LUTRAMs | Checksum: 1b4d19fe6

Time (s): cpu = 00:00:08 ; elapsed = 00:00:07 . Memory (MB): peak = 1318.219 ; gain = 100.289

Phase 3.3 Area Swap Optimization
Phase 3.3 Area Swap Optimization | Checksum: 103dbd859

Time (s): cpu = 00:00:08 ; elapsed = 00:00:07 . Memory (MB): peak = 1318.219 ; gain = 100.289

Phase 3.4 Small Shape Detail Placement

Phase 3.4.1 Commit Small Macros and Core Logic

Phase 3.4.1.1 Commit Slice Clusters
Phase 3.4.1.1 Commit Slice Clusters | Checksum: 1a490e513

Time (s): cpu = 00:00:09 ; elapsed = 00:00:08 . Memory (MB): peak = 1318.219 ; gain = 100.289
Phase 3.4.1 Commit Small Macros and Core Logic | Checksum: 1a490e513

Time (s): cpu = 00:00:09 ; elapsed = 00:00:08 . Memory (MB): peak = 1318.219 ; gain = 100.289

Phase 3.4.2 Clock Restriction Legalization for Leaf Columns
Phase 3.4.2 Clock Restriction Legalization for Leaf Columns | Checksum: 1a490e513

Time (s): cpu = 00:00:09 ; elapsed = 00:00:08 . Memory (MB): peak = 1318.219 ; gain = 100.289

Phase 3.4.3 Clock Restriction Legalization for Non-Clock Pins
Phase 3.4.3 Clock Restriction Legalization for Non-Clock Pins | Checksum: 1a490e513

Time (s): cpu = 00:00:09 ; elapsed = 00:00:08 . Memory (MB): peak = 1318.219 ; gain = 100.289
Phase 3.4 Small Shape Detail Placement | Checksum: 1a490e513

Time (s): cpu = 00:00:09 ; elapsed = 00:00:08 . Memory (MB): peak = 1318.219 ; gain = 100.289

Phase 3.5 Re-assign LUT pins
Phase 3.5 Re-assign LUT pins | Checksum: 1a490e513

Time (s): cpu = 00:00:10 ; elapsed = 00:00:08 . Memory (MB): peak = 1318.219 ; gain = 100.289
Phase 3 Detail Placement | Checksum: 1a490e513

Time (s): cpu = 00:00:10 ; elapsed = 00:00:08 . Memory (MB): peak = 1318.219 ; gain = 100.289

Phase 4 Post Placement Optimization and Clean-Up

Phase 4.1 Post Commit Optimization
Phase 4.1 Post Commit Optimization | Checksum: 1a490e513

Time (s): cpu = 00:00:10 ; elapsed = 00:00:08 . Memory (MB): peak = 1318.219 ; gain = 100.289

Phase 4.2 Sweep Clock Roots: Post-Placement
Phase 4.2 Sweep Clock Roots: Post-Placement | Checksum: 1a490e513

Time (s): cpu = 00:00:10 ; elapsed = 00:00:08 . Memory (MB): peak = 1318.219 ; gain = 100.289

Phase 4.3 Post Placement Cleanup
Phase 4.3 Post Placement Cleanup | Checksum: 1a490e513

Time (s): cpu = 00:00:10 ; elapsed = 00:00:09 . Memory (MB): peak = 1318.219 ; gain = 100.289

Phase 4.4 Placer Reporting
Phase 4.4 Placer Reporting | Checksum: 1a490e513

Time (s): cpu = 00:00:10 ; elapsed = 00:00:09 . Memory (MB): peak = 1318.219 ; gain = 100.289

Phase 4.5 Final Placement Cleanup
Phase 4.5 Final Placement Cleanup | Checksum: 24ea7320d

Time (s): cpu = 00:00:10 ; elapsed = 00:00:09 . Memory (MB): peak = 1318.219 ; gain = 100.289
Phase 4 Post Placement Optimization and Clean-Up | Checksum: 24ea7320d

Time (s): cpu = 00:00:10 ; elapsed = 00:00:09 . Memory (MB): peak = 1318.219 ; gain = 100.289
Ending Placer Task | Checksum: 1a4682d1b

Time (s): cpu = 00:00:10 ; elapsed = 00:00:09 . Memory (MB): peak = 1318.219 ; gain = 100.289
INFO: [Common 17-83] Releasing license: Implementation
33 Infos, 0 Warnings, 0 Critical Warnings and 0 Errors encountered.
place_design completed successfully
place_design: Time (s): cpu = 00:00:18 ; elapsed = 00:00:17 . Memory (MB): peak = 1318.219 ; gain = 105.590
Writing placer database...
Writing XDEF routing.
Writing XDEF routing logical nets.
Writing XDEF routing special nets.
Write XDEF Complete: Time (s): cpu = 00:00:00 ; elapsed = 00:00:00.345 . Memory (MB): peak = 1318.219 ; gain = 0.000
report_io: Time (s): cpu = 00:00:01 ; elapsed = 00:00:00.292 . Memory (MB): peak = 1318.219 ; gain = 0.000
report_utilization: Time (s): cpu = 00:00:00 ; elapsed = 00:00:00.135 . Memory (MB): peak = 1318.219 ; gain = 0.000
report_control_sets: Time (s): cpu = 00:00:00 ; elapsed = 00:00:00.004 . Memory (MB): peak = 1318.219 ; gain = 0.000
Command: route_design
Attempting to get a license for feature 'Implementation' and/or device 'xc7vx485t'
INFO: [Common 17-349] Got license for feature 'Implementation' and/or device 'xc7vx485t'
Running DRC as a precondition to command route_design
INFO: [DRC 23-27] Running DRC with 2 threads
INFO: [Vivado_Tcl 4-198] DRC finished with 0 Errors
INFO: [Vivado_Tcl 4-199] Please refer to the DRC report (report_drc) for more information.


Starting Routing Task
INFO: [Route 35-254] Multithreading enabled for route_design using a maximum of 2 CPUs
Checksum: PlaceDB: cb3fd5f1 ConstDB: 0 ShapeSum: d928572a RouteDB: 0

Phase 1 Build RT Design
Using Offlined NodeGraph Builder
Phase 1 Build RT Design | Checksum: 7d8b2ec5

Time (s): cpu = 00:01:54 ; elapsed = 00:01:11 . Memory (MB): peak = 1607.738 ; gain = 289.520

Phase 2 Router Initialization
INFO: [Route 35-64] No timing constraints were detected. The router will operate in resource-optimization mode.

Phase 2.1 Pre Route Cleanup
Phase 2.1 Pre Route Cleanup | Checksum: 7d8b2ec5

Time (s): cpu = 00:01:54 ; elapsed = 00:01:11 . Memory (MB): peak = 1608.336 ; gain = 290.117
 Number of Nodes with overlaps = 0
Phase 2 Router Initialization | Checksum: 8b66e751

Time (s): cpu = 00:01:56 ; elapsed = 00:01:12 . Memory (MB): peak = 1704.516 ; gain = 386.297

Phase 3 Initial Routing
Phase 3 Initial Routing | Checksum: c978b871

Time (s): cpu = 00:01:57 ; elapsed = 00:01:13 . Memory (MB): peak = 1704.516 ; gain = 386.297

Phase 4 Rip-up And Reroute

Phase 4.1 Global Iteration 0
 Number of Nodes with overlaps = 39
 Number of Nodes with overlaps = 0
Phase 4.1 Global Iteration 0 | Checksum: 54e47f77

Time (s): cpu = 00:01:57 ; elapsed = 00:01:13 . Memory (MB): peak = 1704.516 ; gain = 386.297
Phase 4 Rip-up And Reroute | Checksum: 54e47f77

Time (s): cpu = 00:01:57 ; elapsed = 00:01:13 . Memory (MB): peak = 1704.516 ; gain = 386.297

Phase 5 Delay and Skew Optimization
Phase 5 Delay and Skew Optimization | Checksum: 54e47f77

Time (s): cpu = 00:01:57 ; elapsed = 00:01:13 . Memory (MB): peak = 1704.516 ; gain = 386.297

Phase 6 Post Hold Fix
Phase 6 Post Hold Fix | Checksum: 54e47f77

Time (s): cpu = 00:01:57 ; elapsed = 00:01:13 . Memory (MB): peak = 1704.516 ; gain = 386.297

Phase 7 Route finalize

Router Utilization Summary
  Global Vertical Routing Utilization    = 0.00633685 %
  Global Horizontal Routing Utilization  = 0.00909771 %
  Routable Net Status*
  *Does not include unroutable nets such as driverless and loadless.
  Run report_route_status for detailed report.
  Number of Failed Nets               = 0
  Number of Unrouted Nets             = 0
  Number of Partially Routed Nets     = 0
  Number of Node Overlaps             = 0

Congestion Report
North Dir 1x1 Area, Max Cong = 16.2162%, No Congested Regions.
South Dir 1x1 Area, Max Cong = 16.2162%, No Congested Regions.
East Dir 1x1 Area, Max Cong = 25%, No Congested Regions.
West Dir 1x1 Area, Max Cong = 17.6471%, No Congested Regions.
Phase 7 Route finalize | Checksum: 54e47f77

Time (s): cpu = 00:01:57 ; elapsed = 00:01:13 . Memory (MB): peak = 1704.516 ; gain = 386.297

Phase 8 Verifying routed nets

 Verification completed successfully
Phase 8 Verifying routed nets | Checksum: 54e47f77

Time (s): cpu = 00:01:57 ; elapsed = 00:01:13 . Memory (MB): peak = 1704.516 ; gain = 386.297

Phase 9 Depositing Routes
Phase 9 Depositing Routes | Checksum: 8918b985

Time (s): cpu = 00:01:57 ; elapsed = 00:01:13 . Memory (MB): peak = 1704.516 ; gain = 386.297
INFO: [Route 35-16] Router Completed Successfully

Time (s): cpu = 00:01:57 ; elapsed = 00:01:13 . Memory (MB): peak = 1704.516 ; gain = 386.297

Routing Is Done.
INFO: [Common 17-83] Releasing license: Implementation
41 Infos, 0 Warnings, 0 Critical Warnings and 0 Errors encountered.
route_design completed successfully
route_design: Time (s): cpu = 00:02:06 ; elapsed = 00:01:22 . Memory (MB): peak = 1704.516 ; gain = 386.297
Writing placer database...
Writing XDEF routing.
Writing XDEF routing logical nets.
Writing XDEF routing special nets.
Write XDEF Complete: Time (s): cpu = 00:00:00 ; elapsed = 00:00:00.159 . Memory (MB): peak = 1704.516 ; gain = 0.000
INFO: [DRC 23-27] Running DRC with 2 threads
INFO: [Coretcl 2-168] The results of DRC are in file C:/Users/negfi/Documents/AUT/5thSemester/DigitalDesignAutomation/Phaze4/Phaze4/Phaze4.runs/impl_1/Security_drc_routed.rpt.
INFO: [Timing 38-91] UpdateTimingParams: Speed grade: -2, Delay Type: min_max.
INFO: [Timing 38-191] Multithreading enabled for timing update using a maximum of 2 CPUs
WARNING: [Timing 38-313] There are no user specified timing constraints. Timing constraints are needed for proper timing analysis.
WARNING: [Power 33-232] No user defined clocks were found in the design!
Resolution: Please specify clocks using create_clock/create_generated_clock for sequential elements. For pure combinatorial circuits, please specify a virtual clock, otherwise the vectorless estimation might be inaccurate
Running Vector-less Activity Propagation...

Finished Running Vector-less Activity Propagation
INFO: [Common 17-206] Exiting Vivado at Sat Jan 20 19:10:02 2018...
