Vivado Simulator 2015.4
Time resolution is 1 ps
Note: yes
Time: 5450 ns  Iteration: 2  Process: /Test/S/line__174  File: C:/Users/negfi/Documents/AUT/5thSemester/DigitalDesignAutomation/Phaze4/Phaze4/Phaze4.srcs/sources_1/new/Security.vhd
Note: yes
Time: 5550 ns  Iteration: 2  Process: /Test/S/line__174  File: C:/Users/negfi/Documents/AUT/5thSemester/DigitalDesignAutomation/Phaze4/Phaze4/Phaze4.srcs/sources_1/new/Security.vhd
Note: yes
Time: 5650 ns  Iteration: 2  Process: /Test/S/line__174  File: C:/Users/negfi/Documents/AUT/5thSemester/DigitalDesignAutomation/Phaze4/Phaze4/Phaze4.srcs/sources_1/new/Security.vhd
Note: yes
Time: 5750 ns  Iteration: 2  Process: /Test/S/line__174  File: C:/Users/negfi/Documents/AUT/5thSemester/DigitalDesignAutomation/Phaze4/Phaze4/Phaze4.srcs/sources_1/new/Security.vhd
Note: yes
Time: 5850 ns  Iteration: 2  Process: /Test/S/line__174  File: C:/Users/negfi/Documents/AUT/5thSemester/DigitalDesignAutomation/Phaze4/Phaze4/Phaze4.srcs/sources_1/new/Security.vhd
Note: yes
Time: 5950 ns  Iteration: 2  Process: /Test/S/line__174  File: C:/Users/negfi/Documents/AUT/5thSemester/DigitalDesignAutomation/Phaze4/Phaze4/Phaze4.srcs/sources_1/new/Security.vhd
Note: yes
Time: 6050 ns  Iteration: 2  Process: /Test/S/line__174  File: C:/Users/negfi/Documents/AUT/5thSemester/DigitalDesignAutomation/Phaze4/Phaze4/Phaze4.srcs/sources_1/new/Security.vhd
Note: yes
Time: 6150 ns  Iteration: 2  Process: /Test/S/line__174  File: C:/Users/negfi/Documents/AUT/5thSemester/DigitalDesignAutomation/Phaze4/Phaze4/Phaze4.srcs/sources_1/new/Security.vhd
Note: yes
Time: 6250 ns  Iteration: 2  Process: /Test/S/line__174  File: C:/Users/negfi/Documents/AUT/5thSemester/DigitalDesignAutomation/Phaze4/Phaze4/Phaze4.srcs/sources_1/new/Security.vhd
Note: yes
Time: 6350 ns  Iteration: 2  Process: /Test/S/line__174  File: C:/Users/negfi/Documents/AUT/5thSemester/DigitalDesignAutomation/Phaze4/Phaze4/Phaze4.srcs/sources_1/new/Security.vhd
Note: yes
Time: 6450 ns  Iteration: 2  Process: /Test/S/line__174  File: C:/Users/negfi/Documents/AUT/5thSemester/DigitalDesignAutomation/Phaze4/Phaze4/Phaze4.srcs/sources_1/new/Security.vhd
Note: yes
Time: 6550 ns  Iteration: 2  Process: /Test/S/line__174  File: C:/Users/negfi/Documents/AUT/5thSemester/DigitalDesignAutomation/Phaze4/Phaze4/Phaze4.srcs/sources_1/new/Security.vhd
Note: yes
Time: 6650 ns  Iteration: 2  Process: /Test/S/line__174  File: C:/Users/negfi/Documents/AUT/5thSemester/DigitalDesignAutomation/Phaze4/Phaze4/Phaze4.srcs/sources_1/new/Security.vhd
Note: yes
Time: 6750 ns  Iteration: 2  Process: /Test/S/line__174  File: C:/Users/negfi/Documents/AUT/5thSemester/DigitalDesignAutomation/Phaze4/Phaze4/Phaze4.srcs/sources_1/new/Security.vhd
Note: yes
Time: 6850 ns  Iteration: 2  Process: /Test/S/line__174  File: C:/Users/negfi/Documents/AUT/5thSemester/DigitalDesignAutomation/Phaze4/Phaze4/Phaze4.srcs/sources_1/new/Security.vhd
Note: yes
Time: 6950 ns  Iteration: 2  Process: /Test/S/line__174  File: C:/Users/negfi/Documents/AUT/5thSemester/DigitalDesignAutomation/Phaze4/Phaze4/Phaze4.srcs/sources_1/new/Security.vhd
Note: yes
Time: 7050 ns  Iteration: 2  Process: /Test/S/line__174  File: C:/Users/negfi/Documents/AUT/5thSemester/DigitalDesignAutomation/Phaze4/Phaze4/Phaze4.srcs/sources_1/new/Security.vhd
Note: yes
Time: 7150 ns  Iteration: 2  Process: /Test/S/line__174  File: C:/Users/negfi/Documents/AUT/5thSemester/DigitalDesignAutomation/Phaze4/Phaze4/Phaze4.srcs/sources_1/new/Security.vhd
Note: yes
Time: 7250 ns  Iteration: 2  Process: /Test/S/line__174  File: C:/Users/negfi/Documents/AUT/5thSemester/DigitalDesignAutomation/Phaze4/Phaze4/Phaze4.srcs/sources_1/new/Security.vhd
Note: yes
Time: 7350 ns  Iteration: 2  Process: /Test/S/line__174  File: C:/Users/negfi/Documents/AUT/5thSemester/DigitalDesignAutomation/Phaze4/Phaze4/Phaze4.srcs/sources_1/new/Security.vhd
Note: yes
Time: 7450 ns  Iteration: 2  Process: /Test/S/line__174  File: C:/Users/negfi/Documents/AUT/5thSemester/DigitalDesignAutomation/Phaze4/Phaze4/Phaze4.srcs/sources_1/new/Security.vhd
Note: yes
Time: 7550 ns  Iteration: 2  Process: /Test/S/line__174  File: C:/Users/negfi/Documents/AUT/5thSemester/DigitalDesignAutomation/Phaze4/Phaze4/Phaze4.srcs/sources_1/new/Security.vhd
Note: yes
Time: 7650 ns  Iteration: 2  Process: /Test/S/line__174  File: C:/Users/negfi/Documents/AUT/5thSemester/DigitalDesignAutomation/Phaze4/Phaze4/Phaze4.srcs/sources_1/new/Security.vhd
Note: yes
Time: 7750 ns  Iteration: 2  Process: /Test/S/line__174  File: C:/Users/negfi/Documents/AUT/5thSemester/DigitalDesignAutomation/Phaze4/Phaze4/Phaze4.srcs/sources_1/new/Security.vhd
Note: yes
Time: 7850 ns  Iteration: 2  Process: /Test/S/line__174  File: C:/Users/negfi/Documents/AUT/5thSemester/DigitalDesignAutomation/Phaze4/Phaze4/Phaze4.srcs/sources_1/new/Security.vhd
Note: yes
Time: 7950 ns  Iteration: 2  Process: /Test/S/line__174  File: C:/Users/negfi/Documents/AUT/5thSemester/DigitalDesignAutomation/Phaze4/Phaze4/Phaze4.srcs/sources_1/new/Security.vhd
Note: yes
Time: 8050 ns  Iteration: 2  Process: /Test/S/line__174  File: C:/Users/negfi/Documents/AUT/5thSemester/DigitalDesignAutomation/Phaze4/Phaze4/Phaze4.srcs/sources_1/new/Security.vhd
Note: yes
Time: 8150 ns  Iteration: 2  Process: /Test/S/line__174  File: C:/Users/negfi/Documents/AUT/5thSemester/DigitalDesignAutomation/Phaze4/Phaze4/Phaze4.srcs/sources_1/new/Security.vhd
Note: yes
Time: 8250 ns  Iteration: 2  Process: /Test/S/line__174  File: C:/Users/negfi/Documents/AUT/5thSemester/DigitalDesignAutomation/Phaze4/Phaze4/Phaze4.srcs/sources_1/new/Security.vhd
Note: yes
Time: 8350 ns  Iteration: 2  Process: /Test/S/line__174  File: C:/Users/negfi/Documents/AUT/5thSemester/DigitalDesignAutomation/Phaze4/Phaze4/Phaze4.srcs/sources_1/new/Security.vhd
Note: no
Time: 8450 ns  Iteration: 2  Process: /Test/S/line__174  File: C:/Users/negfi/Documents/AUT/5thSemester/DigitalDesignAutomation/Phaze4/Phaze4/Phaze4.srcs/sources_1/new/Security.vhd
